<?xml version="1.0" encoding="UTF-8"?>
<!-- Generated by org.testng.reporters.JUnitReportReporter -->
<testsuite hostname="POOLW42SLPC7779" failures="0" tests="2" name="TestCase.Automate_Postcommand" time="3.835" errors="0" timestamp="2022-12-09T18:07:30 IST" skipped="0">
  <testcase classname="TestCase.Automate_Postcommand" name="Valid_loginUser" time="3.476"/>
  <system-out/>
  <testcase classname="TestCase.Automate_Postcommand" name="Invalid_LoginUserName" time="0.359"/>
  <system-out/>
</testsuite> <!-- TestCase.Automate_Postcommand -->
