<?xml version="1.0" encoding="UTF-8"?>
<!-- Generated by org.testng.reporters.JUnitReportReporter -->
<testsuite hostname="POOLW42SLPC7779" failures="0" tests="7" name="TestCase.EcommerceCategory_TestCase" time="265.625" errors="0" timestamp="2022-12-09T13:15:08 IST" skipped="0">
  <testcase classname="TestCase.EcommerceCategory_TestCase" name="ValidCategoryNameImage" time="34.650"/>
  <system-out/>
  <testcase classname="TestCase.EcommerceCategory_TestCase" name="NumbersInCategoryName" time="46.365"/>
  <system-out/>
  <testcase classname="TestCase.EcommerceCategory_TestCase" name="SpecialCharactersInCategoryName" time="33.190"/>
  <system-out/>
  <testcase classname="TestCase.EcommerceCategory_TestCase" name="BlankCategoryName" time="30.417"/>
  <system-out/>
  <testcase classname="TestCase.EcommerceCategory_TestCase" name="AlphaNumbersInCategoryName" time="33.608"/>
  <system-out/>
  <testcase classname="TestCase.EcommerceCategory_TestCase" name="ValidImage" time="53.345"/>
  <system-out/>
  <testcase classname="TestCase.EcommerceCategory_TestCase" name="BlankImageBox" time="34.050"/>
  <system-out/>
</testsuite> <!-- TestCase.EcommerceCategory_TestCase -->
