<?xml version="1.0" encoding="UTF-8"?>
<!-- Generated by org.testng.reporters.JUnitReportReporter -->
<testsuite hostname="POOLW42SLPC7779" failures="0" tests="7" name="TestCase.AddCoupon_TestCase" time="269.242" errors="0" timestamp="2022-12-09T11:50:19 IST" skipped="0">
  <testcase classname="TestCase.AddCoupon_TestCase" name="ValidData" time="35.848"/>
  <system-out/>
  <testcase classname="TestCase.AddCoupon_TestCase" name="OnlyNumbers" time="37.141"/>
  <system-out/>
  <testcase classname="TestCase.AddCoupon_TestCase" name="OnlySpecialCharacters" time="33.637"/>
  <system-out/>
  <testcase classname="TestCase.AddCoupon_TestCase" name="OnlySmallAlphaChar" time="40.084"/>
  <system-out/>
  <testcase classname="TestCase.AddCoupon_TestCase" name="OnlyCaptalAlphaChar" time="41.749"/>
  <system-out/>
  <testcase classname="TestCase.AddCoupon_TestCase" name="SpecialAlphaChar" time="32.879"/>
  <system-out/>
  <testcase classname="TestCase.AddCoupon_TestCase" name="OnlyBlank" time="47.904"/>
  <system-out/>
</testsuite> <!-- TestCase.AddCoupon_TestCase -->
